<?xml version='1.0' encoding='UTF-8'?>
<testsuite hostname="hosokitakatoyonoMacBook-Air.local" name="YylexTest" tests="12" errors="0" failures="0" skipped="0" time="0.1" timestamp="2019-12-05T18:05:02">
                     <properties>
      <property name="jline.esc.timeout" value="0"/><property name="jna.platform.library.path" value="/usr/lib:/usr/lib"/><property name="java.runtime.name" value="OpenJDK Runtime Environment"/><property name="sun.boot.library.path" value="/Library/Java/JavaVirtualMachines/adoptopenjdk-8.jdk/Contents/Home/jre/lib"/><property name="java.vm.version" value="25.222-b10"/><property name="gopherProxySet" value="false"/><property name="java.vm.vendor" value="AdoptOpenJDK"/><property name="java.vendor.url" value="http://java.oracle.com/"/><property name="path.separator" value=":"/><property name="jna.loaded" value="true"/><property name="java.vm.name" value="OpenJDK 64-Bit Server VM"/><property name="file.encoding.pkg" value="sun.io"/><property name="user.country" value="JP"/><property name="sun.java.launcher" value="SUN_STANDARD"/><property name="sun.os.patch.level" value="unknown"/><property name="jna.nosys" value="true"/><property name="java.vm.specification.name" value="Java Virtual Machine Specification"/><property name="user.dir" value="/Users/hosokiryubu/Documents/2019/compilerCnstrct/exe/lex-sbt"/><property name="java.runtime.version" value="1.8.0_222-b10"/><property name="java.awt.graphicsenv" value="sun.awt.CGraphicsEnvironment"/><property name="java.endorsed.dirs" value="/Library/Java/JavaVirtualMachines/adoptopenjdk-8.jdk/Contents/Home/jre/lib/endorsed"/><property name="os.arch" value="x86_64"/><property name="java.io.tmpdir" value="/var/folders/h8/5_90ss_961b1x0zfs6224vbr0000gn/T/"/><property name="line.separator" value="
"/><property name="java.vm.specification.vendor" value="Oracle Corporation"/><property name="log4j.ignoreTCL" value="true"/><property name="os.name" value="Mac OS X"/><property name="sun.jnu.encoding" value="UTF-8"/><property name="jnidispatch.path" value="/var/folders/h8/5_90ss_961b1x0zfs6224vbr0000gn/T/jna--469248448/jna3280225754247614906.tmp"/><property name="java.library.path" value="/Users/hosokiryubu/Library/Java/Extensions:/Library/Java/Extensions:/Network/Library/Java/Extensions:/System/Library/Java/Extensions:/usr/lib/java:."/><property name="java.specification.name" value="Java Platform API Specification"/><property name="java.class.version" value="52.0"/><property name="sun.management.compiler" value="HotSpot 64-Bit Tiered Compilers"/><property name="os.version" value="10.14.6"/><property name="http.nonProxyHosts" value="local|*.local|169.254/16|*.169.254/16"/><property name="swoval.tmpdir" value="/Users/hosokiryubu/.sbt/1.0"/><property name="user.home" value="/Users/hosokiryubu"/><property name="user.timezone" value="Asia/Tokyo"/><property name="java.awt.printerjob" value="sun.lwawt.macosx.CPrinterJob"/><property name="file.encoding" value="UTF-8"/><property name="java.specification.version" value="1.8"/><property name="java.class.path" value="/usr/local/Cellar/sbt/1.3.2/libexec/bin/sbt-launch.jar"/><property name="user.name" value="hosokiryubu"/><property name="jline.shutdownhook" value="false"/><property name="java.vm.specification.version" value="1.8"/><property name="sun.java.command" value="/usr/local/Cellar/sbt/1.3.2/libexec/bin/sbt-launch.jar"/><property name="java.home" value="/Library/Java/JavaVirtualMachines/adoptopenjdk-8.jdk/Contents/Home/jre"/><property name="sun.arch.data.model" value="64"/><property name="user.language" value="ja"/><property name="java.specification.vendor" value="Oracle Corporation"/><property name="awt.toolkit" value="sun.lwawt.macosx.LWCToolkit"/><property name="java.vm.info" value="mixed mode"/><property name="java.version" value="1.8.0_222"/><property name="java.ext.dirs" value="/Users/hosokiryubu/Library/Java/Extensions:/Library/Java/JavaVirtualMachines/adoptopenjdk-8.jdk/Contents/Home/jre/lib/ext:/Library/Java/Extensions:/Network/Library/Java/Extensions:/System/Library/Java/Extensions:/usr/lib/java"/><property name="sun.boot.class.path" value="/Library/Java/JavaVirtualMachines/adoptopenjdk-8.jdk/Contents/Home/jre/lib/resources.jar:/Library/Java/JavaVirtualMachines/adoptopenjdk-8.jdk/Contents/Home/jre/lib/rt.jar:/Library/Java/JavaVirtualMachines/adoptopenjdk-8.jdk/Contents/Home/jre/lib/sunrsasign.jar:/Library/Java/JavaVirtualMachines/adoptopenjdk-8.jdk/Contents/Home/jre/lib/jsse.jar:/Library/Java/JavaVirtualMachines/adoptopenjdk-8.jdk/Contents/Home/jre/lib/jce.jar:/Library/Java/JavaVirtualMachines/adoptopenjdk-8.jdk/Contents/Home/jre/lib/charsets.jar:/Library/Java/JavaVirtualMachines/adoptopenjdk-8.jdk/Contents/Home/jre/lib/jfr.jar:/Library/Java/JavaVirtualMachines/adoptopenjdk-8.jdk/Contents/Home/jre/classes"/><property name="java.vendor" value="AdoptOpenJDK"/><property name="file.separator" value="/"/><property name="java.vendor.url.bug" value="http://bugreport.sun.com/bugreport/"/><property name="sun.io.unicode.encoding" value="UnicodeBig"/><property name="sun.cpu.endian" value="little"/><property name="socksNonProxyHosts" value="local|*.local|169.254/16|*.169.254/16"/><property name="ftp.nonProxyHosts" value="local|*.local|169.254/16|*.169.254/16"/><property name="sun.cpu.isalist" value=""/>
    </properties>
                     <testcase classname="YylexTest" name="10 should 整数" time="0.052">
                                                 
                                               </testcase><testcase classname="YylexTest" name="0 should 整数" time="0.009">
                                                 
                                               </testcase><testcase classname="YylexTest" name="識別子 should 正しい字句解析" time="0.003">
                                                 
                                               </testcase><testcase classname="YylexTest" name="トークンif should 正しい字句解析" time="0.003">
                                                 
                                               </testcase><testcase classname="YylexTest" name="if0 should 識別子" time="0.013">
                                                 
                                               </testcase><testcase classname="YylexTest" name="34 should 正しい字句解析" time="0.003">
                                                 
                                               </testcase><testcase classname="YylexTest" name="1234 should 正しい字句解析" time="0.002">
                                                 
                                               </testcase><testcase classname="YylexTest" name=" should 正しい字句解析" time="0.002">
                                                 
                                               </testcase><testcase classname="YylexTest" name="`if` should 識別子" time="0.003">
                                                 
                                               </testcase><testcase classname="YylexTest" name="`abc` should 識別子" time="0.003">
                                                 
                                               </testcase><testcase classname="YylexTest" name="`if0` should 識別子" time="0.002">
                                                 
                                               </testcase><testcase classname="YylexTest" name="012 should エラー" time="0.005">
                                                 
                                               </testcase>
                     <system-out><![CDATA[]]></system-out>
                     <system-err><![CDATA[]]></system-err>
                   </testsuite>